# JRE version: OpenJDK Runtime Environment (16.0.2+7) (build 16.0.2+7-67)
# Java VM: OpenJDK 64-Bit Server VM (16.0.2+7-67, mixed mode, tiered, compressed oops, compressed class ptrs, g1 gc, windows-amd64)
GC Precious Log:
 CPUs: 4 total, 4 available
 Memory: 4043M
 Large Page Support: Disabled
 NUMA Support: Disabled
 Compressed Oops: Enabled (32-bit)
 Heap Region Size: 1M
 Heap Min Capacity: 8M
 Heap Initial Capacity: 64M
 Heap Max Capacity: 1012M
 Pre-touch: Disabled
 Parallel Workers: 4
 Concurrent Workers: 1
 Concurrent Refinement Workers: 4
 Periodic GC: Disabled
Heap:
 garbage-first heap   total 65536K, used 50143K [0x00000000c0c00000, 0x0000000100000000)
  region size 1024K, 27 young (27648K), 3 survivors (3072K)
 Metaspace       used 67202K, committed 67648K, reserved 1114112K
  class space    used 8939K, committed 9152K, reserved 1048576K
GC Heap History (20 events):
Event: 15.779 GC heap after
{Heap after GC invocations=7 (full 0):
 garbage-first heap   total 46080K, used 10840K [0x00000000c0c00000, 0x0000000100000000)
  region size 1024K, 2 young (2048K), 2 survivors (2048K)
 Metaspace       used 25350K, committed 25600K, reserved 1073152K
  class space    used 2959K, committed 3072K, reserved 1048576K
}
Event: 16.192 GC heap before
{Heap before GC invocations=7 (full 0):
 garbage-first heap   total 46080K, used 31320K [0x00000000c0c00000, 0x0000000100000000)
  region size 1024K, 23 young (23552K), 2 survivors (2048K)
 Metaspace       used 27041K, committed 27328K, reserved 1081344K
  class space    used 3201K, committed 3328K, reserved 1048576K
}
Event: 16.198 GC heap after
{Heap after GC invocations=8 (full 0):
 garbage-first heap   total 46080K, used 11635K [0x00000000c0c00000, 0x0000000100000000)
  region size 1024K, 3 young (3072K), 3 survivors (3072K)
 Metaspace       used 27041K, committed 27328K, reserved 1081344K
  class space    used 3201K, committed 3328K, reserved 1048576K
}
Event: 16.936 GC heap before
{Heap before GC invocations=8 (full 0):
 garbage-first heap   total 46080K, used 33139K [0x00000000c0c00000, 0x0000000100000000)
  region size 1024K, 24 young (24576K), 3 survivors (3072K)
 Metaspace       used 29269K, committed 29568K, reserved 1081344K
  class space    used 3554K, committed 3712K, reserved 1048576K
}
Event: 16.947 GC heap after
{Heap after GC invocations=9 (full 0):
 garbage-first heap   total 92160K, used 12745K [0x00000000c0c00000, 0x0000000100000000)
  region size 1024K, 3 young (3072K), 3 survivors (3072K)
 Metaspace       used 29269K, committed 29568K, reserved 1081344K
  class space    used 3554K, committed 3712K, reserved 1048576K
}
Event: 18.388 GC heap before
{Heap before GC invocations=9 (full 0):
 garbage-first heap   total 92160K, used 63945K [0x00000000c0c00000, 0x0000000100000000)
  region size 1024K, 54 young (55296K), 3 survivors (3072K)
 Metaspace       used 34502K, committed 34816K, reserved 1081344K
  class space    used 4284K, committed 4416K, reserved 1048576K
}
Event: 18.407 GC heap after
{Heap after GC invocations=10 (full 0):
 garbage-first heap   total 92160K, used 15597K [0x00000000c0c00000, 0x0000000100000000)
  region size 1024K, 6 young (6144K), 6 survivors (6144K)
 Metaspace       used 34502K, committed 34816K, reserved 1081344K
  class space    used 4284K, committed 4416K, reserved 1048576K
}
Event: 18.835 GC heap before
{Heap before GC invocations=10 (full 0):
 garbage-first heap   total 92160K, used 41197K [0x00000000c0c00000, 0x0000000100000000)
  region size 1024K, 33 young (33792K), 6 survivors (6144K)
 Metaspace       used 35636K, committed 35968K, reserved 1081344K
  class space    used 4411K, committed 4608K, reserved 1048576K
}
Event: 18.852 GC heap after
{Heap after GC invocations=11 (full 0):
 garbage-first heap   total 92160K, used 16254K [0x00000000c0c00000, 0x0000000100000000)
  region size 1024K, 4 young (4096K), 4 survivors (4096K)
 Metaspace       used 35636K, committed 35968K, reserved 1081344K
  class space    used 4411K, committed 4608K, reserved 1048576K
}
Event: 20.348 GC heap before
{Heap before GC invocations=12 (full 0):
 garbage-first heap   total 65536K, used 50046K [0x00000000c0c00000, 0x0000000100000000)
  region size 1024K, 38 young (38912K), 4 survivors (4096K)
 Metaspace       used 44597K, committed 44928K, reserved 1089536K
  class space    used 5715K, committed 5888K, reserved 1048576K
}
Event: 20.358 GC heap after
{Heap after GC invocations=13 (full 0):
 garbage-first heap   total 65536K, used 18314K [0x00000000c0c00000, 0x0000000100000000)
  region size 1024K, 3 young (3072K), 3 survivors (3072K)
 Metaspace       used 44597K, committed 44928K, reserved 1089536K
  class space    used 5715K, committed 5888K, reserved 1048576K
}
Event: 21.784 GC heap before
{Heap before GC invocations=13 (full 0):
 garbage-first heap   total 65536K, used 51082K [0x00000000c0c00000, 0x0000000100000000)
  region size 1024K, 35 young (35840K), 3 survivors (3072K)
 Metaspace       used 53373K, committed 53760K, reserved 1097728K
  class space    used 7037K, committed 7232K, reserved 1048576K
}
Event: 21.793 GC heap after
{Heap after GC invocations=14 (full 0):
 garbage-first heap   total 65536K, used 20045K [0x00000000c0c00000, 0x0000000100000000)
  region size 1024K, 4 young (4096K), 4 survivors (4096K)
 Metaspace       used 53373K, committed 53760K, reserved 1097728K
  class space    used 7037K, committed 7232K, reserved 1048576K
}
Event: 23.169 GC heap before
{Heap before GC invocations=14 (full 0):
 garbage-first heap   total 65536K, used 50765K [0x00000000c0c00000, 0x0000000100000000)
  region size 1024K, 34 young (34816K), 4 survivors (4096K)
 Metaspace       used 58154K, committed 58624K, reserved 1105920K
  class space    used 7684K, committed 7936K, reserved 1048576K
}
Event: 23.182 GC heap after
{Heap after GC invocations=15 (full 0):
 garbage-first heap   total 65536K, used 22362K [0x00000000c0c00000, 0x0000000100000000)
  region size 1024K, 4 young (4096K), 4 survivors (4096K)
 Metaspace       used 58154K, committed 58624K, reserved 1105920K
  class space    used 7684K, committed 7936K, reserved 1048576K
}
Event: 23.693 GC heap before
{Heap before GC invocations=15 (full 0):
 garbage-first heap   total 65536K, used 32602K [0x00000000c0c00000, 0x0000000100000000)
  region size 1024K, 15 young (15360K), 4 survivors (4096K)
 Metaspace       used 59863K, committed 60288K, reserved 1105920K
  class space    used 7902K, committed 8128K, reserved 1048576K
}
Event: 23.703 GC heap after
{Heap after GC invocations=16 (full 0):
 garbage-first heap   total 65536K, used 22963K [0x00000000c0c00000, 0x0000000100000000)
  region size 1024K, 1 young (1024K), 1 survivors (1024K)
 Metaspace       used 59863K, committed 60288K, reserved 1105920K
  class space    used 7902K, committed 8128K, reserved 1048576K
}
Event: 25.332 GC heap before
{Heap before GC invocations=17 (full 0):
 garbage-first heap   total 65536K, used 51635K [0x00000000c0c00000, 0x0000000100000000)
  region size 1024K, 29 young (29696K), 1 survivors (1024K)
 Metaspace       used 63225K, committed 63616K, reserved 1105920K
  class space    used 8433K, committed 8640K, reserved 1048576K
}
Event: 25.348 GC heap after
{Heap after GC invocations=18 (full 0):
 garbage-first heap   total 65536K, used 25567K [0x00000000c0c00000, 0x0000000100000000)
  region size 1024K, 4 young (4096K), 4 survivors (4096K)
 Metaspace       used 63225K, committed 63616K, reserved 1105920K
  class space    used 8433K, committed 8640K, reserved 1048576K
}
Event: 4454.963 GC heap before
{Heap before GC invocations=19 (full 0):
 garbage-first heap   total 65536K, used 49119K [0x00000000c0c00000, 0x0000000100000000)
  region size 1024K, 28 young (28672K), 4 survivors (4096K)
 Metaspace       used 67202K, committed 67648K, reserved 1114112K
  class space    used 8939K, committed 9152K, reserved 1048576K
}

